[0.499s] Invoking command in '/home/shanto/ros2_ws1/src/wit_ros2_imu': PYTHONPATH=/home/shanto/ros2_ws1/build/wit_ros2_imu/prefix_override:/usr/lib/python3/dist-packages/colcon_core/task/python/colcon_distutils_commands:/home/shanto/ros2_ws1/install/wit_ros2_imu/lib/python3.10/site-packages:${PYTHONPATH} /usr/bin/python3 -W ignore:setup.py install is deprecated -W ignore:easy_install command is deprecated setup.py egg_info --egg-base ../../build/wit_ros2_imu build --build-base /home/shanto/ros2_ws1/build/wit_ros2_imu/build install --record /home/shanto/ros2_ws1/build/wit_ros2_imu/install.log --single-version-externally-managed install_data
[0.715s] running egg_info
[0.716s] writing ../../build/wit_ros2_imu/wit_ros2_imu.egg-info/PKG-INFO
[0.716s] writing dependency_links to ../../build/wit_ros2_imu/wit_ros2_imu.egg-info/dependency_links.txt
[0.716s] writing entry points to ../../build/wit_ros2_imu/wit_ros2_imu.egg-info/entry_points.txt
[0.716s] writing requirements to ../../build/wit_ros2_imu/wit_ros2_imu.egg-info/requires.txt
[0.717s] writing top-level names to ../../build/wit_ros2_imu/wit_ros2_imu.egg-info/top_level.txt
[0.719s] reading manifest file '../../build/wit_ros2_imu/wit_ros2_imu.egg-info/SOURCES.txt'
[0.720s] writing manifest file '../../build/wit_ros2_imu/wit_ros2_imu.egg-info/SOURCES.txt'
[0.720s] running build
[0.720s] running build_py
[0.720s] copying wit_ros2_imu/imu_tf_broadcaster.py -> /home/shanto/ros2_ws1/build/wit_ros2_imu/build/lib/wit_ros2_imu
[0.721s] running install
[0.721s] running install_lib
[0.722s] copying /home/shanto/ros2_ws1/build/wit_ros2_imu/build/lib/wit_ros2_imu/imu_tf_broadcaster.py -> /home/shanto/ros2_ws1/install/wit_ros2_imu/lib/python3.10/site-packages/wit_ros2_imu
[0.723s] byte-compiling /home/shanto/ros2_ws1/install/wit_ros2_imu/lib/python3.10/site-packages/wit_ros2_imu/imu_tf_broadcaster.py to imu_tf_broadcaster.cpython-310.pyc
[0.724s] running install_data
[0.724s] copying package.xml -> /home/shanto/ros2_ws1/install/wit_ros2_imu/share/wit_ros2_imu
[0.724s] copying launch/rviz_and_imu.launch.py -> /home/shanto/ros2_ws1/install/wit_ros2_imu/share/wit_ros2_imu/launch
[0.724s] copying rviz/imu.rviz -> /home/shanto/ros2_ws1/install/wit_ros2_imu/share/wit_ros2_imu/rviz
[0.724s] creating /home/shanto/ros2_ws1/install/wit_ros2_imu/share/wit_ros2_imu/urdf
[0.724s] copying urdf/im10a_dummy.urdf -> /home/shanto/ros2_ws1/install/wit_ros2_imu/share/wit_ros2_imu/urdf
[0.724s] running install_egg_info
[0.727s] removing '/home/shanto/ros2_ws1/install/wit_ros2_imu/lib/python3.10/site-packages/wit_ros2_imu-0.0.0-py3.10.egg-info' (and everything under it)
[0.727s] Copying ../../build/wit_ros2_imu/wit_ros2_imu.egg-info to /home/shanto/ros2_ws1/install/wit_ros2_imu/lib/python3.10/site-packages/wit_ros2_imu-0.0.0-py3.10.egg-info
[0.729s] running install_scripts
[0.752s] Installing imu_tf_broadcaster script to /home/shanto/ros2_ws1/install/wit_ros2_imu/lib/wit_ros2_imu
[0.752s] Installing wit_ros2_imu script to /home/shanto/ros2_ws1/install/wit_ros2_imu/lib/wit_ros2_imu
[0.752s] writing list of installed files to '/home/shanto/ros2_ws1/build/wit_ros2_imu/install.log'
[0.773s] Invoked command in '/home/shanto/ros2_ws1/src/wit_ros2_imu' returned '0': PYTHONPATH=/home/shanto/ros2_ws1/build/wit_ros2_imu/prefix_override:/usr/lib/python3/dist-packages/colcon_core/task/python/colcon_distutils_commands:/home/shanto/ros2_ws1/install/wit_ros2_imu/lib/python3.10/site-packages:${PYTHONPATH} /usr/bin/python3 -W ignore:setup.py install is deprecated -W ignore:easy_install command is deprecated setup.py egg_info --egg-base ../../build/wit_ros2_imu build --build-base /home/shanto/ros2_ws1/build/wit_ros2_imu/build install --record /home/shanto/ros2_ws1/build/wit_ros2_imu/install.log --single-version-externally-managed install_data
