[30.784s] Invoking command in '/home/shanto/ros2_ws1/build/wit_ros2_imu': PYTHONPATH=/home/shanto/ros2_ws1/build/wit_ros2_imu/prefix_override:/usr/lib/python3/dist-packages/colcon_core/task/python/colcon_distutils_commands:/home/shanto/ros2_ws1/install/wit_ros2_imu/lib/python3.10/site-packages:${PYTHONPATH} /usr/bin/python3 -W ignore:setup.py install is deprecated -W ignore:easy_install command is deprecated setup.py develop --uninstall --editable --build-directory /home/shanto/ros2_ws1/build/wit_ros2_imu/build
[31.014s] /usr/lib/python3/dist-packages/setuptools/dist.py:723: UserWarning: Usage of dash-separated 'script-dir' will not be supported in future versions. Please use the underscore name 'script_dir' instead
[31.014s]   warnings.warn(
[31.045s] running develop
[31.209s] Removing /home/shanto/ros2_ws1/install/wit_ros2_imu/lib/python3.10/site-packages/wit-ros2-imu.egg-link (link to .)
[31.240s] Invoked command in '/home/shanto/ros2_ws1/build/wit_ros2_imu' returned '0': PYTHONPATH=/home/shanto/ros2_ws1/build/wit_ros2_imu/prefix_override:/usr/lib/python3/dist-packages/colcon_core/task/python/colcon_distutils_commands:/home/shanto/ros2_ws1/install/wit_ros2_imu/lib/python3.10/site-packages:${PYTHONPATH} /usr/bin/python3 -W ignore:setup.py install is deprecated -W ignore:easy_install command is deprecated setup.py develop --uninstall --editable --build-directory /home/shanto/ros2_ws1/build/wit_ros2_imu/build
[31.243s] Invoking command in '/home/shanto/ros2_ws1/src/wit_ros2_imu': PYTHONPATH=/home/shanto/ros2_ws1/build/wit_ros2_imu/prefix_override:/usr/lib/python3/dist-packages/colcon_core/task/python/colcon_distutils_commands:/home/shanto/ros2_ws1/install/wit_ros2_imu/lib/python3.10/site-packages:${PYTHONPATH} /usr/bin/python3 -W ignore:setup.py install is deprecated -W ignore:easy_install command is deprecated setup.py egg_info --egg-base ../../build/wit_ros2_imu build --build-base /home/shanto/ros2_ws1/build/wit_ros2_imu/build install --record /home/shanto/ros2_ws1/build/wit_ros2_imu/install.log --install-scripts $base/lib/wit_ros2_imu --single-version-externally-managed install_data --force
[31.474s] /usr/lib/python3/dist-packages/setuptools/dist.py:723: UserWarning: Usage of dash-separated 'script-dir' will not be supported in future versions. Please use the underscore name 'script_dir' instead
[31.474s]   warnings.warn(
[31.483s] running egg_info
[31.484s] writing ../../build/wit_ros2_imu/wit_ros2_imu.egg-info/PKG-INFO
[31.484s] writing dependency_links to ../../build/wit_ros2_imu/wit_ros2_imu.egg-info/dependency_links.txt
[31.484s] writing entry points to ../../build/wit_ros2_imu/wit_ros2_imu.egg-info/entry_points.txt
[31.485s] writing requirements to ../../build/wit_ros2_imu/wit_ros2_imu.egg-info/requires.txt
[31.485s] writing top-level names to ../../build/wit_ros2_imu/wit_ros2_imu.egg-info/top_level.txt
[31.488s] reading manifest file '../../build/wit_ros2_imu/wit_ros2_imu.egg-info/SOURCES.txt'
[31.489s] writing manifest file '../../build/wit_ros2_imu/wit_ros2_imu.egg-info/SOURCES.txt'
[31.489s] running build
[31.490s] running build_py
[31.490s] creating /home/shanto/ros2_ws1/build/wit_ros2_imu/build
[31.490s] creating /home/shanto/ros2_ws1/build/wit_ros2_imu/build/lib
[31.490s] creating /home/shanto/ros2_ws1/build/wit_ros2_imu/build/lib/wit_ros2_imu
[31.490s] copying wit_ros2_imu/__init__.py -> /home/shanto/ros2_ws1/build/wit_ros2_imu/build/lib/wit_ros2_imu
[31.490s] copying wit_ros2_imu/wit_ros2_imu.py -> /home/shanto/ros2_ws1/build/wit_ros2_imu/build/lib/wit_ros2_imu
[31.490s] running install
[31.491s] running install_lib
[31.492s] creating /home/shanto/ros2_ws1/install/wit_ros2_imu/lib/python3.10/site-packages/wit_ros2_imu
[31.493s] copying /home/shanto/ros2_ws1/build/wit_ros2_imu/build/lib/wit_ros2_imu/__init__.py -> /home/shanto/ros2_ws1/install/wit_ros2_imu/lib/python3.10/site-packages/wit_ros2_imu
[31.493s] copying /home/shanto/ros2_ws1/build/wit_ros2_imu/build/lib/wit_ros2_imu/wit_ros2_imu.py -> /home/shanto/ros2_ws1/install/wit_ros2_imu/lib/python3.10/site-packages/wit_ros2_imu
[31.493s] byte-compiling /home/shanto/ros2_ws1/install/wit_ros2_imu/lib/python3.10/site-packages/wit_ros2_imu/__init__.py to __init__.cpython-310.pyc
[31.494s] byte-compiling /home/shanto/ros2_ws1/install/wit_ros2_imu/lib/python3.10/site-packages/wit_ros2_imu/wit_ros2_imu.py to wit_ros2_imu.cpython-310.pyc
[31.497s] running install_data
[31.497s] copying resource/wit_ros2_imu -> /home/shanto/ros2_ws1/install/wit_ros2_imu/share/ament_index/resource_index/packages
[31.497s] copying package.xml -> /home/shanto/ros2_ws1/install/wit_ros2_imu/share/wit_ros2_imu
[31.498s] copying launch/rviz_and_imu.launch.py -> /home/shanto/ros2_ws1/install/wit_ros2_imu/share/wit_ros2_imu
[31.498s] running install_egg_info
[31.501s] Copying ../../build/wit_ros2_imu/wit_ros2_imu.egg-info to /home/shanto/ros2_ws1/install/wit_ros2_imu/lib/python3.10/site-packages/wit_ros2_imu-0.0.0-py3.10.egg-info
[31.503s] running install_scripts
[31.532s] Installing wit_ros2_imu script to /home/shanto/ros2_ws1/install/wit_ros2_imu/lib/wit_ros2_imu
[31.532s] writing list of installed files to '/home/shanto/ros2_ws1/build/wit_ros2_imu/install.log'
[31.562s] Invoked command in '/home/shanto/ros2_ws1/src/wit_ros2_imu' returned '0': PYTHONPATH=/home/shanto/ros2_ws1/build/wit_ros2_imu/prefix_override:/usr/lib/python3/dist-packages/colcon_core/task/python/colcon_distutils_commands:/home/shanto/ros2_ws1/install/wit_ros2_imu/lib/python3.10/site-packages:${PYTHONPATH} /usr/bin/python3 -W ignore:setup.py install is deprecated -W ignore:easy_install command is deprecated setup.py egg_info --egg-base ../../build/wit_ros2_imu build --build-base /home/shanto/ros2_ws1/build/wit_ros2_imu/build install --record /home/shanto/ros2_ws1/build/wit_ros2_imu/install.log --install-scripts $base/lib/wit_ros2_imu --single-version-externally-managed install_data --force
