[0.684s] Invoking command in '/home/shanto/ros2_ws1/src/wit_ros2_imu': PYTHONPATH=/home/shanto/ros2_ws1/build/wit_ros2_imu/prefix_override:/usr/lib/python3/dist-packages/colcon_core/task/python/colcon_distutils_commands:/home/shanto/ros2_ws1/install/wit_ros2_imu/lib/python3.10/site-packages:${PYTHONPATH} /usr/bin/python3 -W ignore:setup.py install is deprecated -W ignore:easy_install command is deprecated setup.py egg_info --egg-base ../../build/wit_ros2_imu build --build-base /home/shanto/ros2_ws1/build/wit_ros2_imu/build install --record /home/shanto/ros2_ws1/build/wit_ros2_imu/install.log --install-scripts $base/lib/wit_ros2_imu --single-version-externally-managed install_data
[0.894s] /usr/lib/python3/dist-packages/setuptools/dist.py:723: UserWarning: Usage of dash-separated 'script-dir' will not be supported in future versions. Please use the underscore name 'script_dir' instead
[0.894s]   warnings.warn(
[0.901s] running egg_info
[0.902s] writing ../../build/wit_ros2_imu/wit_ros2_imu.egg-info/PKG-INFO
[0.902s] writing dependency_links to ../../build/wit_ros2_imu/wit_ros2_imu.egg-info/dependency_links.txt
[0.902s] writing entry points to ../../build/wit_ros2_imu/wit_ros2_imu.egg-info/entry_points.txt
[0.902s] writing requirements to ../../build/wit_ros2_imu/wit_ros2_imu.egg-info/requires.txt
[0.902s] writing top-level names to ../../build/wit_ros2_imu/wit_ros2_imu.egg-info/top_level.txt
[0.904s] reading manifest file '../../build/wit_ros2_imu/wit_ros2_imu.egg-info/SOURCES.txt'
[0.904s] writing manifest file '../../build/wit_ros2_imu/wit_ros2_imu.egg-info/SOURCES.txt'
[0.904s] running build
[0.905s] running build_py
[0.905s] running install
[0.905s] running install_lib
[0.907s] running install_data
[0.907s] creating /home/shanto/ros2_ws1/install/wit_ros2_imu/share/wit_ros2_imu/launch
[0.907s] copying launch/rviz_and_imu.launch.py -> /home/shanto/ros2_ws1/install/wit_ros2_imu/share/wit_ros2_imu/launch
[0.907s] copying launch/__init__.py -> /home/shanto/ros2_ws1/install/wit_ros2_imu/share/wit_ros2_imu/launch
[0.907s] creating /home/shanto/ros2_ws1/install/wit_ros2_imu/share/wit_ros2_imu/rviz
[0.907s] copying rviz/imu.rviz -> /home/shanto/ros2_ws1/install/wit_ros2_imu/share/wit_ros2_imu/rviz
[0.908s] running install_egg_info
[0.910s] removing '/home/shanto/ros2_ws1/install/wit_ros2_imu/lib/python3.10/site-packages/wit_ros2_imu-0.0.0-py3.10.egg-info' (and everything under it)
[0.910s] Copying ../../build/wit_ros2_imu/wit_ros2_imu.egg-info to /home/shanto/ros2_ws1/install/wit_ros2_imu/lib/python3.10/site-packages/wit_ros2_imu-0.0.0-py3.10.egg-info
[0.911s] running install_scripts
[0.932s] Installing wit_ros2_imu script to /home/shanto/ros2_ws1/install/wit_ros2_imu/lib/wit_ros2_imu
[0.932s] writing list of installed files to '/home/shanto/ros2_ws1/build/wit_ros2_imu/install.log'
[0.954s] Invoked command in '/home/shanto/ros2_ws1/src/wit_ros2_imu' returned '0': PYTHONPATH=/home/shanto/ros2_ws1/build/wit_ros2_imu/prefix_override:/usr/lib/python3/dist-packages/colcon_core/task/python/colcon_distutils_commands:/home/shanto/ros2_ws1/install/wit_ros2_imu/lib/python3.10/site-packages:${PYTHONPATH} /usr/bin/python3 -W ignore:setup.py install is deprecated -W ignore:easy_install command is deprecated setup.py egg_info --egg-base ../../build/wit_ros2_imu build --build-base /home/shanto/ros2_ws1/build/wit_ros2_imu/build install --record /home/shanto/ros2_ws1/build/wit_ros2_imu/install.log --install-scripts $base/lib/wit_ros2_imu --single-version-externally-managed install_data
