/usr/lib/python3/dist-packages/setuptools/dist.py:723: UserWarning: Usage of dash-separated 'script-dir' will not be supported in future versions. Please use the underscore name 'script_dir' instead
  warnings.warn(
running develop
running egg_info
creating wit_ros2_imu.egg-info
writing wit_ros2_imu.egg-info/PKG-INFO
writing dependency_links to wit_ros2_imu.egg-info/dependency_links.txt
writing entry points to wit_ros2_imu.egg-info/entry_points.txt
writing requirements to wit_ros2_imu.egg-info/requires.txt
writing top-level names to wit_ros2_imu.egg-info/top_level.txt
writing manifest file 'wit_ros2_imu.egg-info/SOURCES.txt'
reading manifest file 'wit_ros2_imu.egg-info/SOURCES.txt'
writing manifest file 'wit_ros2_imu.egg-info/SOURCES.txt'
running build_ext
Creating /home/shanto/ros2_ws1/install/wit_ros2_imu/lib/python3.10/site-packages/wit-ros2-imu.egg-link (link to .)
Installing wit_ros2_imu script to /home/shanto/ros2_ws1/install/wit_ros2_imu/lib/wit_ros2_imu

Installed /home/shanto/ros2_ws1/build/wit_ros2_imu
running symlink_data
creating /home/shanto/ros2_ws1/install/wit_ros2_imu/share/ament_index
creating /home/shanto/ros2_ws1/install/wit_ros2_imu/share/ament_index/resource_index
creating /home/shanto/ros2_ws1/install/wit_ros2_imu/share/ament_index/resource_index/packages
symbolically linking /home/shanto/ros2_ws1/build/wit_ros2_imu/resource/wit_ros2_imu -> /home/shanto/ros2_ws1/install/wit_ros2_imu/share/ament_index/resource_index/packages
symbolically linking /home/shanto/ros2_ws1/build/wit_ros2_imu/package.xml -> /home/shanto/ros2_ws1/install/wit_ros2_imu/share/wit_ros2_imu
symbolically linking /home/shanto/ros2_ws1/build/wit_ros2_imu/launch/rviz_and_imu.launch.py -> /home/shanto/ros2_ws1/install/wit_ros2_imu/share/wit_ros2_imu
