[0.496s] Invoking command in '/home/shanto/ros2_ws1/build/wit_ros2_imu': PYTHONPATH=/home/shanto/ros2_ws1/build/wit_ros2_imu/prefix_override:/usr/lib/python3/dist-packages/colcon_core/task/python/colcon_distutils_commands:/home/shanto/ros2_ws1/install/wit_ros2_imu/lib/python3.10/site-packages:${PYTHONPATH} /usr/bin/python3 -W ignore:setup.py install is deprecated -W ignore:easy_install command is deprecated setup.py develop --editable --build-directory /home/shanto/ros2_ws1/build/wit_ros2_imu/build --no-deps symlink_data
[0.672s] /usr/lib/python3/dist-packages/setuptools/dist.py:723: UserWarning: Usage of dash-separated 'script-dir' will not be supported in future versions. Please use the underscore name 'script_dir' instead
[0.672s]   warnings.warn(
[0.696s] running develop
[0.806s] running egg_info
[0.806s] creating wit_ros2_imu.egg-info
[0.806s] writing wit_ros2_imu.egg-info/PKG-INFO
[0.806s] writing dependency_links to wit_ros2_imu.egg-info/dependency_links.txt
[0.806s] writing entry points to wit_ros2_imu.egg-info/entry_points.txt
[0.806s] writing requirements to wit_ros2_imu.egg-info/requires.txt
[0.806s] writing top-level names to wit_ros2_imu.egg-info/top_level.txt
[0.806s] writing manifest file 'wit_ros2_imu.egg-info/SOURCES.txt'
[0.808s] reading manifest file 'wit_ros2_imu.egg-info/SOURCES.txt'
[0.808s] writing manifest file 'wit_ros2_imu.egg-info/SOURCES.txt'
[0.809s] running build_ext
[0.810s] Creating /home/shanto/ros2_ws1/install/wit_ros2_imu/lib/python3.10/site-packages/wit-ros2-imu.egg-link (link to .)
[0.810s] Installing wit_ros2_imu script to /home/shanto/ros2_ws1/install/wit_ros2_imu/lib/wit_ros2_imu
[0.810s] 
[0.810s] Installed /home/shanto/ros2_ws1/build/wit_ros2_imu
[0.811s] running symlink_data
[0.811s] creating /home/shanto/ros2_ws1/install/wit_ros2_imu/share/ament_index
[0.811s] creating /home/shanto/ros2_ws1/install/wit_ros2_imu/share/ament_index/resource_index
[0.811s] creating /home/shanto/ros2_ws1/install/wit_ros2_imu/share/ament_index/resource_index/packages
[0.811s] symbolically linking /home/shanto/ros2_ws1/build/wit_ros2_imu/resource/wit_ros2_imu -> /home/shanto/ros2_ws1/install/wit_ros2_imu/share/ament_index/resource_index/packages
[0.811s] symbolically linking /home/shanto/ros2_ws1/build/wit_ros2_imu/package.xml -> /home/shanto/ros2_ws1/install/wit_ros2_imu/share/wit_ros2_imu
[0.811s] symbolically linking /home/shanto/ros2_ws1/build/wit_ros2_imu/launch/rviz_and_imu.launch.py -> /home/shanto/ros2_ws1/install/wit_ros2_imu/share/wit_ros2_imu
[0.834s] Invoked command in '/home/shanto/ros2_ws1/build/wit_ros2_imu' returned '0': PYTHONPATH=/home/shanto/ros2_ws1/build/wit_ros2_imu/prefix_override:/usr/lib/python3/dist-packages/colcon_core/task/python/colcon_distutils_commands:/home/shanto/ros2_ws1/install/wit_ros2_imu/lib/python3.10/site-packages:${PYTHONPATH} /usr/bin/python3 -W ignore:setup.py install is deprecated -W ignore:easy_install command is deprecated setup.py develop --editable --build-directory /home/shanto/ros2_ws1/build/wit_ros2_imu/build --no-deps symlink_data
