/home/shanto/ros2_ws1/install/wit_ros2_imu/lib/python3.10/site-packages/wit_ros2_imu/imu_tf_broadcaster.py
/home/shanto/ros2_ws1/install/wit_ros2_imu/lib/python3.10/site-packages/wit_ros2_imu/__init__.py
/home/shanto/ros2_ws1/install/wit_ros2_imu/lib/python3.10/site-packages/wit_ros2_imu/wit_ros2_imu.py
/home/shanto/ros2_ws1/install/wit_ros2_imu/lib/python3.10/site-packages/wit_ros2_imu/__pycache__/imu_tf_broadcaster.cpython-310.pyc
/home/shanto/ros2_ws1/install/wit_ros2_imu/lib/python3.10/site-packages/wit_ros2_imu/__pycache__/__init__.cpython-310.pyc
/home/shanto/ros2_ws1/install/wit_ros2_imu/lib/python3.10/site-packages/wit_ros2_imu/__pycache__/wit_ros2_imu.cpython-310.pyc
/home/shanto/ros2_ws1/install/wit_ros2_imu/share/ament_index/resource_index/packages/wit_ros2_imu
/home/shanto/ros2_ws1/install/wit_ros2_imu/share/wit_ros2_imu/package.xml
/home/shanto/ros2_ws1/install/wit_ros2_imu/share/wit_ros2_imu/launch/rviz_and_imu.launch.py
/home/shanto/ros2_ws1/install/wit_ros2_imu/share/wit_ros2_imu/launch/__init__.py
/home/shanto/ros2_ws1/install/wit_ros2_imu/share/wit_ros2_imu/rviz/imu.rviz
/home/shanto/ros2_ws1/install/wit_ros2_imu/share/wit_ros2_imu/urdf/im10a_dummy.urdf
/home/shanto/ros2_ws1/install/wit_ros2_imu/lib/python3.10/site-packages/wit_ros2_imu-0.0.0-py3.10.egg-info/entry_points.txt
/home/shanto/ros2_ws1/install/wit_ros2_imu/lib/python3.10/site-packages/wit_ros2_imu-0.0.0-py3.10.egg-info/top_level.txt
/home/shanto/ros2_ws1/install/wit_ros2_imu/lib/python3.10/site-packages/wit_ros2_imu-0.0.0-py3.10.egg-info/dependency_links.txt
/home/shanto/ros2_ws1/install/wit_ros2_imu/lib/python3.10/site-packages/wit_ros2_imu-0.0.0-py3.10.egg-info/PKG-INFO
/home/shanto/ros2_ws1/install/wit_ros2_imu/lib/python3.10/site-packages/wit_ros2_imu-0.0.0-py3.10.egg-info/requires.txt
/home/shanto/ros2_ws1/install/wit_ros2_imu/lib/python3.10/site-packages/wit_ros2_imu-0.0.0-py3.10.egg-info/SOURCES.txt
/home/shanto/ros2_ws1/install/wit_ros2_imu/lib/python3.10/site-packages/wit_ros2_imu-0.0.0-py3.10.egg-info/zip-safe
/home/shanto/ros2_ws1/install/wit_ros2_imu/lib/wit_ros2_imu/imu_tf_broadcaster
/home/shanto/ros2_ws1/install/wit_ros2_imu/lib/wit_ros2_imu/wit_ros2_imu
