[0.793s] Invoking command in '/home/shanto/ros2_ws1/src/wit_ros2_imu': PYTHONPATH=/home/shanto/ros2_ws1/build/wit_ros2_imu/prefix_override:/usr/lib/python3/dist-packages/colcon_core/task/python/colcon_distutils_commands:/home/shanto/ros2_ws1/install/wit_ros2_imu/lib/python3.10/site-packages:${PYTHONPATH} /usr/bin/python3 -W ignore:setup.py install is deprecated -W ignore:easy_install command is deprecated setup.py egg_info --egg-base ../../build/wit_ros2_imu build --build-base /home/shanto/ros2_ws1/build/wit_ros2_imu/build install --record /home/shanto/ros2_ws1/build/wit_ros2_imu/install.log --single-version-externally-managed install_data
[1.035s] running egg_info
[1.035s] writing ../../build/wit_ros2_imu/wit_ros2_imu.egg-info/PKG-INFO
[1.036s] writing dependency_links to ../../build/wit_ros2_imu/wit_ros2_imu.egg-info/dependency_links.txt
[1.036s] writing entry points to ../../build/wit_ros2_imu/wit_ros2_imu.egg-info/entry_points.txt
[1.036s] writing requirements to ../../build/wit_ros2_imu/wit_ros2_imu.egg-info/requires.txt
[1.036s] writing top-level names to ../../build/wit_ros2_imu/wit_ros2_imu.egg-info/top_level.txt
[1.037s] reading manifest file '../../build/wit_ros2_imu/wit_ros2_imu.egg-info/SOURCES.txt'
[1.038s] writing manifest file '../../build/wit_ros2_imu/wit_ros2_imu.egg-info/SOURCES.txt'
[1.038s] running build
[1.038s] running build_py
[1.039s] copying wit_ros2_imu/wit_ros2_imu.py -> /home/shanto/ros2_ws1/build/wit_ros2_imu/build/lib/wit_ros2_imu
[1.039s] running install
[1.039s] running install_lib
[1.040s] copying /home/shanto/ros2_ws1/build/wit_ros2_imu/build/lib/wit_ros2_imu/wit_ros2_imu.py -> /home/shanto/ros2_ws1/install/wit_ros2_imu/lib/python3.10/site-packages/wit_ros2_imu
[1.040s] byte-compiling /home/shanto/ros2_ws1/install/wit_ros2_imu/lib/python3.10/site-packages/wit_ros2_imu/wit_ros2_imu.py to wit_ros2_imu.cpython-310.pyc
[1.043s] running install_data
[1.043s] copying rviz/imu.rviz -> /home/shanto/ros2_ws1/install/wit_ros2_imu/share/wit_ros2_imu/rviz
[1.043s] running install_egg_info
[1.045s] removing '/home/shanto/ros2_ws1/install/wit_ros2_imu/lib/python3.10/site-packages/wit_ros2_imu-0.0.0-py3.10.egg-info' (and everything under it)
[1.045s] Copying ../../build/wit_ros2_imu/wit_ros2_imu.egg-info to /home/shanto/ros2_ws1/install/wit_ros2_imu/lib/python3.10/site-packages/wit_ros2_imu-0.0.0-py3.10.egg-info
[1.046s] running install_scripts
[1.067s] Installing wit_ros2_imu script to /home/shanto/ros2_ws1/install/wit_ros2_imu/lib/wit_ros2_imu
[1.067s] writing list of installed files to '/home/shanto/ros2_ws1/build/wit_ros2_imu/install.log'
[1.091s] Invoked command in '/home/shanto/ros2_ws1/src/wit_ros2_imu' returned '0': PYTHONPATH=/home/shanto/ros2_ws1/build/wit_ros2_imu/prefix_override:/usr/lib/python3/dist-packages/colcon_core/task/python/colcon_distutils_commands:/home/shanto/ros2_ws1/install/wit_ros2_imu/lib/python3.10/site-packages:${PYTHONPATH} /usr/bin/python3 -W ignore:setup.py install is deprecated -W ignore:easy_install command is deprecated setup.py egg_info --egg-base ../../build/wit_ros2_imu build --build-base /home/shanto/ros2_ws1/build/wit_ros2_imu/build install --record /home/shanto/ros2_ws1/build/wit_ros2_imu/install.log --single-version-externally-managed install_data
